<?xml version="1.0" encoding="UTF-8"?>
<!-- Generated by org.testng.reporters.JUnitReportReporter -->
<testsuite skipped="0" hostname="ISW-ENG-JI1" name="actions.UpdateProfileTestSuite" tests="1" failures="0" timestamp="2021-04-30T12:06:04 WAT" time="50.715" errors="0">
  <testcase name="updateProfileSuccessfully" time="50.715" classname="actions.UpdateProfileTestSuite"/>
</testsuite> <!-- actions.UpdateProfileTestSuite -->
