<?xml version="1.0" encoding="UTF-8"?>
<!-- Generated by org.testng.reporters.JUnitReportReporter -->
<testsuite skipped="0" hostname="ISW-ENG-JI1" name="actions.SignUpTestSuite" tests="1" failures="0" timestamp="2021-04-30T12:01:48 WAT" time="27.952" errors="0">
  <testcase name="signUpSuccessfully" time="27.952" classname="actions.SignUpTestSuite"/>
</testsuite> <!-- actions.SignUpTestSuite -->
