<?xml version="1.0" encoding="UTF-8"?>
<!-- Generated by org.testng.reporters.JUnitReportReporter -->
<testsuite skipped="0" hostname="ISW-ENG-JI1" name="actions.PasswordTestSuite" tests="1" failures="0" timestamp="2021-04-25T23:38:04 WAT" time="37.278" errors="0">
  <testcase name="changePasswordSuccessfully" time="37.278" classname="actions.PasswordTestSuite"/>
</testsuite> <!-- actions.PasswordTestSuite -->
