<?xml version="1.0" encoding="UTF-8"?>
<!-- Generated by org.testng.reporters.JUnitReportReporter -->
<testsuite skipped="0" hostname="ISW-ENG-JI1" name="actions.LoginTestSuite" tests="1" failures="0" timestamp="2021-04-30T12:03:54 WAT" time="25.034" errors="0">
  <testcase name="successfulLogin" time="25.034" classname="actions.LoginTestSuite"/>
</testsuite> <!-- actions.LoginTestSuite -->
