<?xml version="1.0" encoding="UTF-8"?>
<!-- Generated by org.testng.reporters.JUnitReportReporter -->
<testsuite skipped="0" hostname="ISW-ENG-JI1" name="actions.LogoutTestSuite" tests="1" failures="0" timestamp="2021-04-25T23:37:09 WAT" time="30.357" errors="0">
  <testcase name="logoutSuccessful" time="30.357" classname="actions.LogoutTestSuite"/>
</testsuite> <!-- actions.LogoutTestSuite -->
